<testsuite errors="0" failures="0" name="Django Project Tests" skips="0" tests="1" time="3.419"><testcase classname="pcbuilder.tests.testCases" name="test" time="3.417350" /></testsuite>